2023-04-07T13:23:09.176Z - info: [ui] [AppStore] loading 0 repositories from store
2023-04-07T13:23:09.254Z - info: [ui] [Welcome] no sign in step found. ignoring...
2023-04-07T13:23:09.258Z - info: [ui] launching: 3.2.0-linux1 (Linux 6.2.2-artix1-1)
2023-04-07T13:23:09.258Z - info: [ui] execPath: '/opt/github-desktop/github-desktop'
2023-04-07T13:23:09.271Z - info: [ui] [Welcome] no sign in step found. ignoring...
2023-04-07T13:23:09.670Z - info: [ui] [Welcome] no sign in step found. ignoring...
2023-04-07T13:23:09.887Z - info: [ui] Opt in reported.
2023-04-07T13:23:12.070Z - info: [ui] [Welcome] advancing to step: SignInToDotComWithBrowser
2023-04-07T13:23:12.071Z - info: [ui] [SignInStore] initializing OAuth flow
2023-04-07T13:23:12.075Z - info: [main] opening in browser: https://github.com/login/oauth/authorize?client_id=3a723b10ac5575cc5bb9&scope=repo%20user%20workflow&state=1d99b1d8-ab4c-4b32-9b14-8c633b5ab44f
2023-04-07T13:23:12.076Z - info: [ui] [Welcome] current sign in state not found. ignoring...
2023-04-07T13:23:13.439Z - info: [ui] [Welcome] kind Authentication is the same as Authentication. ignoring...
2023-04-07T13:23:19.886Z - info: [main] Received possible protocol arguments: 3
2023-04-07T13:23:19.887Z - info: [main] Processing protocol url
2023-04-07T13:23:19.894Z - info: [ui] [Dispatcher] requesting authenticated user
2023-04-07T13:23:19.905Z - info: [ui] [Welcome] kind Authentication is the same as Authentication. ignoring...
2023-04-07T13:23:19.908Z - info: [ui] [Welcome] kind Authentication is the same as Authentication. ignoring...
2023-04-07T13:23:19.955Z - info: [main] Received possible protocol arguments: 2
2023-04-07T13:23:19.957Z - info: [main] Processing protocol url
2023-04-07T13:23:22.408Z - info: [ui] [SignInStore] account resolved
2023-04-07T13:23:22.409Z - info: [ui] [AppStore] adding account ignaudioz (audioz) to store
2023-04-07T13:23:22.422Z - info: [ui] [Welcome] advancing to step: ConfigureGit
2023-04-07T13:23:22.488Z - info: [ui] [Welcome] no sign in step found. ignoring...
2023-04-07T13:23:22.534Z - info: [ui] [Welcome] no sign in step found. ignoring...
2023-04-07T13:23:23.003Z - info: [ui] [Welcome] no sign in step found. ignoring...
2023-04-07T13:23:23.224Z - info: [ui] Subscribed 'ignaudioz' to Alive channel
